This is pdfTeX, Version 3.14159265-2.6-1.40.18 (TeX Live 2017) (preloaded format=pdflatex 2017.6.18)  30 OCT 2017 19:45
entering extended mode
 restricted \write18 enabled.
 %&-line parsing enabled.
**bubble_phononic_final.tex
(./bubble_phononic_final.tex
LaTeX2e <2017-04-15>
Babel <3.10> and hyphenation patterns for 84 language(s) loaded.
(/hg/s/linux/9/app/teTeX/06.17/texmf-dist/tex/latex/base/article.cls
Document Class: article 2014/09/29 v1.4h Standard LaTeX document class
(/hg/s/linux/9/app/teTeX/06.17/texmf-dist/tex/latex/base/size11.clo
File: size11.clo 2014/09/29 v1.4h Standard LaTeX file (size option)
)
\c@part=\count79
\c@section=\count80
\c@subsection=\count81
\c@subsubsection=\count82
\c@paragraph=\count83
\c@subparagraph=\count84
\c@figure=\count85
\c@table=\count86
\abovecaptionskip=\skip41
\belowcaptionskip=\skip42
\bibindent=\dimen102
)
(/hg/s/linux/9/app/teTeX/06.17/texmf-dist/tex/latex/amsfonts/amssymb.sty
Package: amssymb 2013/01/14 v3.01 AMS font symbols

(/hg/s/linux/9/app/teTeX/06.17/texmf-dist/tex/latex/amsfonts/amsfonts.sty
Package: amsfonts 2013/01/14 v3.01 Basic AMSFonts support
\@emptytoks=\toks14
\symAMSa=\mathgroup4
\symAMSb=\mathgroup5
LaTeX Font Info:    Overwriting math alphabet `\mathfrak' in version `bold'
(Font)                  U/euf/m/n --> U/euf/b/n on input line 106.
))
(/hg/s/linux/9/app/teTeX/06.17/texmf-dist/tex/generic/babel/babel.sty
Package: babel 2017/05/19 3.10 The Babel package

(/hg/s/linux/9/app/teTeX/06.17/texmf-dist/tex/generic/babel-english/english.ldf
Language: english 2017/06/06 v3.3r English support from the babel system
(/hg/s/linux/9/app/teTeX/06.17/texmf-dist/tex/generic/babel/babel.def
File: babel.def 2017/05/19 3.10 Babel common definitions
\babel@savecnt=\count87
\U@D=\dimen103
)
\l@canadian = a dialect from \language\l@american 
\l@australian = a dialect from \language\l@british 
\l@newzealand = a dialect from \language\l@british 
))
(/hg/s/linux/9/app/teTeX/06.17/texmf-dist/tex/latex/amsmath/amsmath.sty
Package: amsmath 2016/11/05 v2.16a AMS math features
\@mathmargin=\skip43

For additional information on amsmath, use the `?' option.
(/hg/s/linux/9/app/teTeX/06.17/texmf-dist/tex/latex/amsmath/amstext.sty
Package: amstext 2000/06/29 v2.01 AMS text

(/hg/s/linux/9/app/teTeX/06.17/texmf-dist/tex/latex/amsmath/amsgen.sty
File: amsgen.sty 1999/11/30 v2.0 generic functions
\@emptytoks=\toks15
\ex@=\dimen104
))
(/hg/s/linux/9/app/teTeX/06.17/texmf-dist/tex/latex/amsmath/amsbsy.sty
Package: amsbsy 1999/11/29 v1.2d Bold Symbols
\pmbraise@=\dimen105
)
(/hg/s/linux/9/app/teTeX/06.17/texmf-dist/tex/latex/amsmath/amsopn.sty
Package: amsopn 2016/03/08 v2.02 operator names
)
\inf@bad=\count88
LaTeX Info: Redefining \frac on input line 213.
\uproot@=\count89
\leftroot@=\count90
LaTeX Info: Redefining \overline on input line 375.
\classnum@=\count91
\DOTSCASE@=\count92
LaTeX Info: Redefining \ldots on input line 472.
LaTeX Info: Redefining \dots on input line 475.
LaTeX Info: Redefining \cdots on input line 596.
\Mathstrutbox@=\box26
\strutbox@=\box27
\big@size=\dimen106
LaTeX Font Info:    Redeclaring font encoding OML on input line 712.
LaTeX Font Info:    Redeclaring font encoding OMS on input line 713.
\macc@depth=\count93
\c@MaxMatrixCols=\count94
\dotsspace@=\muskip10
\c@parentequation=\count95
\dspbrk@lvl=\count96
\tag@help=\toks16
\row@=\count97
\column@=\count98
\maxfields@=\count99
\andhelp@=\toks17
\eqnshift@=\dimen107
\alignsep@=\dimen108
\tagshift@=\dimen109
\tagwidth@=\dimen110
\totwidth@=\dimen111
\lineht@=\dimen112
\@envbody=\toks18
\multlinegap=\skip44
\multlinetaggap=\skip45
\mathdisplay@stack=\toks19
LaTeX Info: Redefining \[ on input line 2817.
LaTeX Info: Redefining \] on input line 2818.
)
(/hg/s/linux/9/app/teTeX/06.17/texmf-dist/tex/latex/graphics/graphicx.sty
Package: graphicx 2017/06/01 v1.1a Enhanced LaTeX Graphics (DPC,SPQR)

(/hg/s/linux/9/app/teTeX/06.17/texmf-dist/tex/latex/graphics/keyval.sty
Package: keyval 2014/10/28 v1.15 key=value parser (DPC)
\KV@toks@=\toks20
)
(/hg/s/linux/9/app/teTeX/06.17/texmf-dist/tex/latex/graphics/graphics.sty
Package: graphics 2017/06/13 v1.2b Standard LaTeX Graphics (DPC,SPQR)

(/hg/s/linux/9/app/teTeX/06.17/texmf-dist/tex/latex/graphics/trig.sty
Package: trig 2016/01/03 v1.10 sin cos tan (DPC)
)
(/hg/s/linux/9/app/teTeX/06.17/texmf-dist/tex/latex/graphics-cfg/graphics.cfg
File: graphics.cfg 2016/06/04 v1.11 sample graphics configuration
)
Package graphics Info: Driver file: pdftex.def on input line 99.

(/hg/s/linux/9/app/teTeX/06.17/texmf-dist/tex/latex/graphics-def/pdftex.def
File: pdftex.def 2017/06/15 v1.0d Graphics/color driver for pdftex
))
\Gin@req@height=\dimen113
\Gin@req@width=\dimen114
)
(/hg/s/linux/9/app/teTeX/06.17/texmf-dist/tex/latex/graphics/color.sty
Package: color 2016/07/10 v1.1e Standard LaTeX Color (DPC)

(/hg/s/linux/9/app/teTeX/06.17/texmf-dist/tex/latex/graphics-cfg/color.cfg
File: color.cfg 2016/01/02 v1.6 sample color configuration
)
Package color Info: Driver file: pdftex.def on input line 147.
)
(/hg/s/linux/9/app/teTeX/06.17/texmf-dist/tex/latex/xcolor/xcolor.sty
Package: xcolor 2016/05/11 v2.12 LaTeX color extensions (UK)

(/hg/s/linux/9/app/teTeX/06.17/texmf-dist/tex/latex/graphics-cfg/color.cfg
File: color.cfg 2016/01/02 v1.6 sample color configuration
)
Package xcolor Info: Driver file: pdftex.def on input line 225.
LaTeX Info: Redefining \color on input line 709.
Package xcolor Info: Model `cmy' substituted by `cmy0' on input line 1348.
Package xcolor Info: Model `hsb' substituted by `rgb' on input line 1352.
Package xcolor Info: Model `RGB' extended on input line 1364.
Package xcolor Info: Model `HTML' substituted by `rgb' on input line 1366.
Package xcolor Info: Model `Hsb' substituted by `hsb' on input line 1367.
Package xcolor Info: Model `tHsb' substituted by `hsb' on input line 1368.
Package xcolor Info: Model `HSB' substituted by `hsb' on input line 1369.
Package xcolor Info: Model `Gray' substituted by `gray' on input line 1370.
Package xcolor Info: Model `wave' substituted by `hsb' on input line 1371.
)
(/hg/s/linux/9/app/teTeX/06.17/texmf-dist/tex/latex/booktabs/booktabs.sty
Package: booktabs 2016/04/27 v1.618033 publication quality tables
\heavyrulewidth=\dimen115
\lightrulewidth=\dimen116
\cmidrulewidth=\dimen117
\belowrulesep=\dimen118
\belowbottomsep=\dimen119
\aboverulesep=\dimen120
\abovetopsep=\dimen121
\cmidrulesep=\dimen122
\cmidrulekern=\dimen123
\defaultaddspace=\dimen124
\@cmidla=\count100
\@cmidlb=\count101
\@aboverulesep=\dimen125
\@belowrulesep=\dimen126
\@thisruleclass=\count102
\@lastruleclass=\count103
\@thisrulewidth=\dimen127
)
(/hg/s/linux/9/app/teTeX/06.17/texmf-dist/tex/latex/tools/array.sty
Package: array 2016/10/06 v2.4d Tabular extension package (FMi)
\col@sep=\dimen128
\extrarowheight=\dimen129
\NC@list=\toks21
\extratabsurround=\skip46
\backup@length=\skip47
)
(/hg/s/linux/9/app/teTeX/06.17/texmf-dist/tex/latex/tools/afterpage.sty
Package: afterpage 2014/10/28 v1.08 After-Page Package (DPC)
\AP@output=\toks22
\AP@partial=\box28
\AP@footins=\box29
)
(/hg/s/linux/9/app/teTeX/06.17/texmf-dist/tex/latex/subfig/subfig.sty
Package: subfig 2005/06/28 ver: 1.3 subfig package

(/hg/s/linux/9/app/teTeX/06.17/texmf-dist/tex/latex/caption/caption.sty
Package: caption 2016/02/21 v3.3-144 Customizing captions (AR)

(/hg/s/linux/9/app/teTeX/06.17/texmf-dist/tex/latex/caption/caption3.sty
Package: caption3 2016/05/22 v1.7-166 caption3 kernel (AR)
Package caption3 Info: TeX engine: e-TeX on input line 67.
\captionmargin=\dimen130
\captionmargin@=\dimen131
\captionwidth=\dimen132
\caption@tempdima=\dimen133
\caption@indent=\dimen134
\caption@parindent=\dimen135
\caption@hangindent=\dimen136
)
\c@ContinuedFloat=\count104
)
\c@KVtest=\count105
\sf@farskip=\skip48
\sf@captopadj=\dimen137
\sf@capskip=\skip49
\sf@nearskip=\skip50
\c@subfigure=\count106
\c@subfigure@save=\count107
\c@lofdepth=\count108
\c@subtable=\count109
\c@subtable@save=\count110
\c@lotdepth=\count111
\sf@top=\skip51
\sf@bottom=\skip52
)
(/hg/s/linux/9/app/teTeX/06.17/texmf-dist/tex/latex/doublestroke/dsfont.sty
Package: dsfont 1995/08/01 v0.1 Double stroke roman fonts
)
(/hg/s/linux/9/app/teTeX/06.17/texmf-dist/tex/latex/amscls/amsthm.sty
Package: amsthm 2015/03/04 v2.20.2
\thm@style=\toks23
\thm@bodyfont=\toks24
\thm@headfont=\toks25
\thm@notefont=\toks26
\thm@headpunct=\toks27
\thm@preskip=\skip53
\thm@postskip=\skip54
\thm@headsep=\skip55
\dth@everypar=\toks28
)
(/hg/s/linux/9/app/teTeX/06.17/texmf-dist/tex/latex/graphics/epsfig.sty
Package: epsfig 1999/02/16 v1.7a (e)psfig emulation (SPQR)
\epsfxsize=\dimen138
\epsfysize=\dimen139
)
(/hg/s/linux/9/app/teTeX/06.17/texmf-dist/tex/latex/setspace/setspace.sty
Package: setspace 2011/12/19 v6.7a set line spacing
)
\c@thm=\count112
\c@rmk=\count113
\c@cor=\count114
\c@definition=\count115
\c@lem=\count116
\c@ass=\count117
\c@prop=\count118
\c@asump=\count119
\c@example=\count120
\c@cond=\count121

(./bubble_phononic_final.aux)
\openout1 = `bubble_phononic_final.aux'.

LaTeX Font Info:    Checking defaults for OML/cmm/m/it on input line 143.
LaTeX Font Info:    ... okay on input line 143.
LaTeX Font Info:    Checking defaults for T1/cmr/m/n on input line 143.
LaTeX Font Info:    ... okay on input line 143.
LaTeX Font Info:    Checking defaults for OT1/cmr/m/n on input line 143.
LaTeX Font Info:    ... okay on input line 143.
LaTeX Font Info:    Checking defaults for OMS/cmsy/m/n on input line 143.
LaTeX Font Info:    ... okay on input line 143.
LaTeX Font Info:    Checking defaults for OMX/cmex/m/n on input line 143.
LaTeX Font Info:    ... okay on input line 143.
LaTeX Font Info:    Checking defaults for U/cmr/m/n on input line 143.
LaTeX Font Info:    ... okay on input line 143.

(/hg/s/linux/9/app/teTeX/06.17/texmf-dist/tex/context/base/mkii/supp-pdf.mkii
[Loading MPS to PDF converter (version 2006.09.02).]
\scratchcounter=\count122
\scratchdimen=\dimen140
\scratchbox=\box30
\nofMPsegments=\count123
\nofMParguments=\count124
\everyMPshowfont=\toks29
\MPscratchCnt=\count125
\MPscratchDim=\dimen141
\MPnumerator=\count126
\makeMPintoPDFobject=\count127
\everyMPtoPDFconversion=\toks30
)
(/hg/s/linux/9/app/teTeX/06.17/texmf-dist/tex/latex/oberdiek/epstopdf-base.sty
Package: epstopdf-base 2016/05/15 v2.6 Base part for package epstopdf

(/hg/s/linux/9/app/teTeX/06.17/texmf-dist/tex/generic/oberdiek/infwarerr.sty
Package: infwarerr 2016/05/16 v1.4 Providing info/warning/error messages (HO)
)
(/hg/s/linux/9/app/teTeX/06.17/texmf-dist/tex/latex/oberdiek/grfext.sty
Package: grfext 2016/05/16 v1.2 Manage graphics extensions (HO)

(/hg/s/linux/9/app/teTeX/06.17/texmf-dist/tex/generic/oberdiek/kvdefinekeys.sty
Package: kvdefinekeys 2016/05/16 v1.4 Define keys (HO)
(/hg/s/linux/9/app/teTeX/06.17/texmf-dist/tex/generic/oberdiek/ltxcmds.sty
Package: ltxcmds 2016/05/16 v1.23 LaTeX kernel commands for general use (HO)
)))
(/hg/s/linux/9/app/teTeX/06.17/texmf-dist/tex/latex/oberdiek/kvoptions.sty
Package: kvoptions 2016/05/16 v3.12 Key value format for package options (HO)

(/hg/s/linux/9/app/teTeX/06.17/texmf-dist/tex/generic/oberdiek/kvsetkeys.sty
Package: kvsetkeys 2016/05/16 v1.17 Key value parser (HO)

(/hg/s/linux/9/app/teTeX/06.17/texmf-dist/tex/generic/oberdiek/etexcmds.sty
Package: etexcmds 2016/05/16 v1.6 Avoid name clashes with e-TeX commands (HO)

(/hg/s/linux/9/app/teTeX/06.17/texmf-dist/tex/generic/oberdiek/ifluatex.sty
Package: ifluatex 2016/05/16 v1.4 Provides the ifluatex switch (HO)
Package ifluatex Info: LuaTeX not detected.
)
Package etexcmds Info: Could not find \expanded.
(etexcmds)             That can mean that you are not using pdfTeX 1.50 or
(etexcmds)             that some package has redefined \expanded.
(etexcmds)             In the latter case, load this package earlier.
))) (/hg/s/linux/9/app/teTeX/06.17/texmf-dist/tex/generic/oberdiek/pdftexcmds.s
ty
Package: pdftexcmds 2017/03/19 v0.25 Utility functions of pdfTeX for LuaTeX (HO
)

(/hg/s/linux/9/app/teTeX/06.17/texmf-dist/tex/generic/oberdiek/ifpdf.sty
Package: ifpdf 2017/03/15 v3.2 Provides the ifpdf switch
)
Package pdftexcmds Info: LuaTeX not detected.
Package pdftexcmds Info: \pdf@primitive is available.
Package pdftexcmds Info: \pdf@ifprimitive is available.
Package pdftexcmds Info: \pdfdraftmode found.
)
Package epstopdf-base Info: Redefining graphics rule for `.eps' on input line 4
38.
Package grfext Info: Graphics extension search list:
(grfext)             [.pdf,.png,.jpg,.mps,.jpeg,.jbig2,.jb2,.PDF,.PNG,.JPG,.JPE
G,.JBIG2,.JB2,.eps]
(grfext)             \AppendGraphicsExtensions on input line 456.

(/hg/s/linux/9/app/teTeX/06.17/texmf-dist/tex/latex/latexconfig/epstopdf-sys.cf
g
File: epstopdf-sys.cfg 2010/07/13 v1.3 Configuration of (r)epstopdf for TeX Liv
e
))
Package caption Info: Begin \AtBeginDocument code.
Package caption Info: subfig package v1.3 is loaded.
Package caption Info: End \AtBeginDocument code.
LaTeX Font Info:    Try loading font information for U+msa on input line 144.
 (/hg/s/linux/9/app/teTeX/06.17/texmf-dist/tex/latex/amsfonts/umsa.fd
File: umsa.fd 2013/01/14 v3.01 AMS symbols A
)
LaTeX Font Info:    Try loading font information for U+msb on input line 144.

(/hg/s/linux/9/app/teTeX/06.17/texmf-dist/tex/latex/amsfonts/umsb.fd
File: umsb.fd 2013/01/14 v3.01 AMS symbols B
)
LaTeX Font Info:    Try loading font information for OMS+cmr on input line 144.


(/hg/s/linux/9/app/teTeX/06.17/texmf-dist/tex/latex/base/omscmr.fd
File: omscmr.fd 2014/09/29 v2.5h Standard LaTeX font definitions
)
LaTeX Font Info:    Font shape `OMS/cmr/m/n' in size <12> not available
(Font)              Font shape `OMS/cmsy/m/n' tried instead on input line 144.
LaTeX Font Info:    Font shape `OMS/cmr/m/n' in size <8> not available
(Font)              Font shape `OMS/cmsy/m/n' tried instead on input line 144.
LaTeX Font Info:    Font shape `OMS/cmr/m/n' in size <6> not available
(Font)              Font shape `OMS/cmsy/m/n' tried instead on input line 144.

Underfull \hbox (badness 10000) in paragraph at lines 144--144
[][]\OT1/cmr/m/n/9 Department of Math-e-mat-ics, ETH Z^^?urich, R^^?amis-trasse
 101, CH-8092 Z^^?urich, Switzer-land
 []

[1

{/usr/local.hg/app/teTeX/current/texmf-var/fonts/map/pdftex/updmap/pdftex.map}]
 [2] [3] [4] [5]
LaTeX Font Info:    Try loading font information for U+dsrom on input line 338.


(/hg/s/linux/9/app/teTeX/06.17/texmf-dist/tex/latex/doublestroke/Udsrom.fd
File: Udsrom.fd 1995/08/01 v0.1 Double stroke roman font definitions
)
[6]
Overfull \hbox (16.95486pt too wide) in paragraph at lines 459--459
[] 
 []

[7] [8] [9] [10]
<BubbleBand_omega_0to5_r005_c5000.pdf, id=54, pagebox=cropbox, 597.1911pt x 845
.19765pt>
File: BubbleBand_omega_0to5_r005_c5000.pdf Graphic file (type pdf)
<use BubbleBand_omega_0to5_r005_c5000.pdf>
Package pdftex.def Info: BubbleBand_omega_0to5_r005_c5000.pdf  used on input li
ne 697. on input line 697.
Package pdftex.def Info: Requested size: 201.03757pt x 284.52756pt on input lin
e 697.
<BubbleBand_omega_0to03_r005_c5000.pdf, id=55, pagebox=cropbox, 597.1911pt x 84
5.19765pt>
File: BubbleBand_omega_0to03_r005_c5000.pdf Graphic file (type pdf)
<use BubbleBand_omega_0to03_r005_c5000.pdf>
Package pdftex.def Info: BubbleBand_omega_0to03_r005_c5000.pdf  used on input l
ine 699. on input line 699.
Package pdftex.def Info: Requested size: 201.03757pt x 284.52756pt on input lin
e 699.


LaTeX Warning: `!h' float specifier changed to `!ht'.

<BubbleBand_omega_0to5_r025_c1000.pdf, id=56, pagebox=cropbox, 597.1911pt x 845
.19765pt>
File: BubbleBand_omega_0to5_r025_c1000.pdf Graphic file (type pdf)
<use BubbleBand_omega_0to5_r025_c1000.pdf>
Package pdftex.def Info: BubbleBand_omega_0to5_r025_c1000.pdf  used on input li
ne 720. on input line 720.
Package pdftex.def Info: Requested size: 201.03757pt x 284.52756pt on input lin
e 720.
<BubbleBand_omega_0to03_r025_c1000.pdf, id=57, pagebox=cropbox, 597.1911pt x 84
5.19765pt>
File: BubbleBand_omega_0to03_r025_c1000.pdf Graphic file (type pdf)
<use BubbleBand_omega_0to03_r025_c1000.pdf>
Package pdftex.def Info: BubbleBand_omega_0to03_r025_c1000.pdf  used on input l
ine 722. on input line 722.
Package pdftex.def Info: Requested size: 201.03757pt x 284.52756pt on input lin
e 722.

LaTeX Warning: `!h' float specifier changed to `!ht'.

<omBiperiodicApprox_vs_omBiperiodic.pdf, id=58, pagebox=cropbox, 460.72125pt x 
257.96375pt>
File: omBiperiodicApprox_vs_omBiperiodic.pdf Graphic file (type pdf)
<use omBiperiodicApprox_vs_omBiperiodic.pdf>
Package pdftex.def Info: omBiperiodicApprox_vs_omBiperiodic.pdf  used on input 
line 738. on input line 738.
Package pdftex.def Info: Requested size: 433.62pt x 242.78903pt on input line 7
38.
<omSingle_vs_maxOmBand.pdf, id=59, pagebox=cropbox, 460.72125pt x 257.96375pt>
File: omSingle_vs_maxOmBand.pdf Graphic file (type pdf)
<use omSingle_vs_maxOmBand.pdf>
Package pdftex.def Info: omSingle_vs_maxOmBand.pdf  used on input line 746. on 
input line 746.
Package pdftex.def Info: Requested size: 433.62pt x 242.78903pt on input line 7
46.
[11] [12 <./BubbleBand_omega_0to5_r005_c5000.pdf> <./BubbleBand_omega_0to03_r00
5_c5000.pdf>] [13 <./BubbleBand_omega_0to5_r025_c1000.pdf> <./BubbleBand_omega_
0to03_r025_c1000.pdf>]
Overfull \hbox (3.17912pt too wide) in paragraph at lines 786--786
[] 
 []

[14 <./omBiperiodicApprox_vs_omBiperiodic.pdf>] [15 <./omSingle_vs_maxOmBand.pd
f>] [16] [17] (./bubble_phononic_final.bbl [18] [19]) [20]
(./bubble_phononic_final.aux) )
(\end occurred inside a group at level 2)

### simple group (level 2) entered at line 502 ({)
### simple group (level 1) entered at line 496 ({)
### bottom level 
Here is how much of TeX's memory you used:
 5021 strings out of 492995
 72476 string characters out of 6129899
 148437 words of memory out of 5000000
 8460 multiletter control sequences out of 15000+600000
 19453 words of font info for 78 fonts, out of 8000000 for 9000
 1141 hyphenation exceptions out of 8191
 44i,14n,42p,1052b,465s stack positions out of 5000i,500n,10000p,200000b,80000s
</hg/s/linux/9/app/teTeX/06.17/texmf-dist/fonts/type1/public/am
sfonts/cm/cmbx10.pfb></hg/s/linux/9/app/teTeX/06.17/texmf-dist/fonts/type1/publ
ic/amsfonts/cm/cmbx12.pfb></hg/s/linux/9/app/teTeX/06.17/texmf-dist/fonts/type1
/public/amsfonts/cm/cmbx8.pfb></hg/s/linux/9/app/teTeX/06.17/texmf-dist/fonts/t
ype1/public/amsfonts/cm/cmex10.pfb></hg/s/linux/9/app/teTeX/06.17/texmf-dist/fo
nts/type1/public/amsfonts/cm/cmmi10.pfb></hg/s/linux/9/app/teTeX/06.17/texmf-di
st/fonts/type1/public/amsfonts/cm/cmmi12.pfb></hg/s/linux/9/app/teTeX/06.17/tex
mf-dist/fonts/type1/public/amsfonts/cm/cmmi6.pfb></hg/s/linux/9/app/teTeX/06.17
/texmf-dist/fonts/type1/public/amsfonts/cm/cmmi7.pfb></hg/s/linux/9/app/teTeX/0
6.17/texmf-dist/fonts/type1/public/amsfonts/cm/cmmi8.pfb></hg/s/linux/9/app/teT
eX/06.17/texmf-dist/fonts/type1/public/amsfonts/cm/cmr10.pfb></hg/s/linux/9/app
/teTeX/06.17/texmf-dist/fonts/type1/public/amsfonts/cm/cmr12.pfb></hg/s/linux/9
/app/teTeX/06.17/texmf-dist/fonts/type1/public/amsfonts/cm/cmr17.pfb></hg/s/lin
ux/9/app/teTeX/06.17/texmf-dist/fonts/type1/public/amsfonts/cm/cmr6.pfb></hg/s/
linux/9/app/teTeX/06.17/texmf-dist/fonts/type1/public/amsfonts/cm/cmr7.pfb></hg
/s/linux/9/app/teTeX/06.17/texmf-dist/fonts/type1/public/amsfonts/cm/cmr8.pfb><
/hg/s/linux/9/app/teTeX/06.17/texmf-dist/fonts/type1/public/amsfonts/cm/cmr9.pf
b></hg/s/linux/9/app/teTeX/06.17/texmf-dist/fonts/type1/public/amsfonts/cm/cmsy
10.pfb></hg/s/linux/9/app/teTeX/06.17/texmf-dist/fonts/type1/public/amsfonts/cm
/cmsy6.pfb></hg/s/linux/9/app/teTeX/06.17/texmf-dist/fonts/type1/public/amsfont
s/cm/cmsy7.pfb></hg/s/linux/9/app/teTeX/06.17/texmf-dist/fonts/type1/public/ams
fonts/cm/cmsy8.pfb></hg/s/linux/9/app/teTeX/06.17/texmf-dist/fonts/type1/public
/amsfonts/cm/cmti10.pfb></hg/s/linux/9/app/teTeX/06.17/texmf-dist/fonts/type1/p
ublic/amsfonts/cm/cmti7.pfb></hg/s/linux/9/app/teTeX/06.17/texmf-dist/fonts/typ
e1/public/doublestroke/dsrom10.pfb></hg/s/linux/9/app/teTeX/06.17/texmf-dist/fo
nts/type1/public/amsfonts/symbols/msbm10.pfb>
Output written on bubble_phononic_final.pdf (20 pages, 1167942 bytes).
PDF statistics:
 180 PDF objects out of 1000 (max. 8388607)
 122 compressed objects within 2 object streams
 0 named destinations out of 1000 (max. 500000)
 31 words of extra memory for PDF output out of 10000 (max. 10000000)

