This is pdfTeX, Version 3.14159265-2.6-1.40.18 (TeX Live 2017) (preloaded format=pdflatex 2017.6.18)  20 DEC 2017 17:52
entering extended mode
 restricted \write18 enabled.
 %&-line parsing enabled.
**defectpaper.tex
(./defectpaper.tex
LaTeX2e <2017-04-15>
Babel <3.10> and hyphenation patterns for 84 language(s) loaded.
(/hg/s/linux/rhel3_amd64/app/teTeX/06.17/texmf-dist/tex/latex/base/article.cls
Document Class: article 2014/09/29 v1.4h Standard LaTeX document class
(/hg/s/linux/rhel3_amd64/app/teTeX/06.17/texmf-dist/tex/latex/base/size10.clo
File: size10.clo 2014/09/29 v1.4h Standard LaTeX file (size option)
)
\c@part=\count79
\c@section=\count80
\c@subsection=\count81
\c@subsubsection=\count82
\c@paragraph=\count83
\c@subparagraph=\count84
\c@figure=\count85
\c@table=\count86
\abovecaptionskip=\skip41
\belowcaptionskip=\skip42
\bibindent=\dimen102
)
(/hg/s/linux/rhel3_amd64/app/teTeX/06.17/texmf-dist/tex/generic/babel/babel.sty
Package: babel 2017/05/19 3.10 The Babel package

(/hg/s/linux/rhel3_amd64/app/teTeX/06.17/texmf-dist/tex/generic/babel-english/e
nglish.ldf
Language: english 2017/06/06 v3.3r English support from the babel system

(/hg/s/linux/rhel3_amd64/app/teTeX/06.17/texmf-dist/tex/generic/babel/babel.def
File: babel.def 2017/05/19 3.10 Babel common definitions
\babel@savecnt=\count87
\U@D=\dimen103
)
\l@canadian = a dialect from \language\l@american 
\l@australian = a dialect from \language\l@british 
\l@newzealand = a dialect from \language\l@british 
))
(/hg/s/linux/rhel3_amd64/app/teTeX/06.17/texmf-dist/tex/latex/base/inputenc.sty
Package: inputenc 2015/03/17 v1.2c Input encoding file
\inpenc@prehook=\toks14
\inpenc@posthook=\toks15
(/hg/s/linux/rhel3_amd64/app/teTeX/06.17/texmf-dist/tex/latex/ucs/utf8x.def
File: utf8x.def 2004/10/17 UCS: Input encoding UTF-8
))
(/hg/s/linux/rhel3_amd64/app/teTeX/06.17/texmf-dist/tex/latex/ucs/ucs.sty
Package: ucs 2013/05/11 v2.2 UCS: Unicode input support

(/hg/s/linux/rhel3_amd64/app/teTeX/06.17/texmf-dist/tex/latex/ucs/data/uni-glob
al.def
File: uni-global.def 2013/05/13 UCS: Unicode global data
)
\uc@secondtry=\count88
\uc@combtoks=\toks16
\uc@combtoksb=\toks17
\uc@temptokena=\toks18
)
(/hg/s/linux/rhel3_amd64/app/teTeX/06.17/texmf-dist/tex/latex/base/fontenc.sty
Package: fontenc 2017/04/05 v2.0i Standard LaTeX package

(/hg/s/linux/rhel3_amd64/app/teTeX/06.17/texmf-dist/tex/latex/base/t1enc.def
File: t1enc.def 2017/04/05 v2.0i Standard LaTeX file
LaTeX Font Info:    Redeclaring font encoding T1 on input line 48.
))
(/hg/s/linux/rhel3_amd64/app/teTeX/06.17/texmf-dist/tex/latex/cite/cite.sty
LaTeX Info: Redefining \cite on input line 302.
LaTeX Info: Redefining \nocite on input line 332.
Package: cite 2015/02/27  v 5.5
)
(/hg/s/linux/rhel3_amd64/app/teTeX/06.17/texmf-dist/tex/latex/graphics/graphicx
.sty
Package: graphicx 2017/06/01 v1.1a Enhanced LaTeX Graphics (DPC,SPQR)

(/hg/s/linux/rhel3_amd64/app/teTeX/06.17/texmf-dist/tex/latex/graphics/keyval.s
ty
Package: keyval 2014/10/28 v1.15 key=value parser (DPC)
\KV@toks@=\toks19
)
(/hg/s/linux/rhel3_amd64/app/teTeX/06.17/texmf-dist/tex/latex/graphics/graphics
.sty
Package: graphics 2017/06/13 v1.2b Standard LaTeX Graphics (DPC,SPQR)

(/hg/s/linux/rhel3_amd64/app/teTeX/06.17/texmf-dist/tex/latex/graphics/trig.sty
Package: trig 2016/01/03 v1.10 sin cos tan (DPC)
)
(/hg/s/linux/rhel3_amd64/app/teTeX/06.17/texmf-dist/tex/latex/graphics-cfg/grap
hics.cfg
File: graphics.cfg 2016/06/04 v1.11 sample graphics configuration
)
Package graphics Info: Driver file: pdftex.def on input line 99.

(/hg/s/linux/rhel3_amd64/app/teTeX/06.17/texmf-dist/tex/latex/graphics-def/pdft
ex.def
File: pdftex.def 2017/06/15 v1.0d Graphics/color driver for pdftex
))
\Gin@req@height=\dimen104
\Gin@req@width=\dimen105
)
(/hg/s/linux/rhel3_amd64/app/teTeX/06.17/texmf-dist/tex/latex/caption/subcaptio
n.sty
Package: subcaption 2016/05/22 v1.1-161 Sub-captions (AR)

(/hg/s/linux/rhel3_amd64/app/teTeX/06.17/texmf-dist/tex/latex/caption/caption.s
ty
Package: caption 2016/02/21 v3.3-144 Customizing captions (AR)

(/hg/s/linux/rhel3_amd64/app/teTeX/06.17/texmf-dist/tex/latex/caption/caption3.
sty
Package: caption3 2016/05/22 v1.7-166 caption3 kernel (AR)
Package caption3 Info: TeX engine: e-TeX on input line 67.
\captionmargin=\dimen106
\captionmargin@=\dimen107
\captionwidth=\dimen108
\caption@tempdima=\dimen109
\caption@indent=\dimen110
\caption@parindent=\dimen111
\caption@hangindent=\dimen112
)
\c@ContinuedFloat=\count89
)
\c@subfigure=\count90
\c@subtable=\count91
)
(/hg/s/linux/rhel3_amd64/app/teTeX/06.17/texmf-dist/tex/latex/pgf/frontendlayer
/tikz.sty
(/hg/s/linux/rhel3_amd64/app/teTeX/06.17/texmf-dist/tex/latex/pgf/basiclayer/pg
f.sty
(/hg/s/linux/rhel3_amd64/app/teTeX/06.17/texmf-dist/tex/latex/pgf/utilities/pgf
rcs.sty
(/hg/s/linux/rhel3_amd64/app/teTeX/06.17/texmf-dist/tex/generic/pgf/utilities/p
gfutil-common.tex
\pgfutil@everybye=\toks20
\pgfutil@tempdima=\dimen113
\pgfutil@tempdimb=\dimen114

(/hg/s/linux/rhel3_amd64/app/teTeX/06.17/texmf-dist/tex/generic/pgf/utilities/p
gfutil-common-lists.tex))
(/hg/s/linux/rhel3_amd64/app/teTeX/06.17/texmf-dist/tex/generic/pgf/utilities/p
gfutil-latex.def
\pgfutil@abb=\box26

(/hg/s/linux/rhel3_amd64/app/teTeX/06.17/texmf-dist/tex/latex/ms/everyshi.sty
Package: everyshi 2001/05/15 v3.00 EveryShipout Package (MS)
))
(/hg/s/linux/rhel3_amd64/app/teTeX/06.17/texmf-dist/tex/generic/pgf/utilities/p
gfrcs.code.tex
Package: pgfrcs 2015/08/07 v3.0.1a (rcs-revision 1.31)
))
Package: pgf 2015/08/07 v3.0.1a (rcs-revision 1.15)

(/hg/s/linux/rhel3_amd64/app/teTeX/06.17/texmf-dist/tex/latex/pgf/basiclayer/pg
fcore.sty
(/hg/s/linux/rhel3_amd64/app/teTeX/06.17/texmf-dist/tex/latex/pgf/systemlayer/p
gfsys.sty
(/hg/s/linux/rhel3_amd64/app/teTeX/06.17/texmf-dist/tex/generic/pgf/systemlayer
/pgfsys.code.tex
Package: pgfsys 2014/07/09 v3.0.1a (rcs-revision 1.48)

(/hg/s/linux/rhel3_amd64/app/teTeX/06.17/texmf-dist/tex/generic/pgf/utilities/p
gfkeys.code.tex
\pgfkeys@pathtoks=\toks21
\pgfkeys@temptoks=\toks22

(/hg/s/linux/rhel3_amd64/app/teTeX/06.17/texmf-dist/tex/generic/pgf/utilities/p
gfkeysfiltered.code.tex
\pgfkeys@tmptoks=\toks23
))
\pgf@x=\dimen115
\pgf@y=\dimen116
\pgf@xa=\dimen117
\pgf@ya=\dimen118
\pgf@xb=\dimen119
\pgf@yb=\dimen120
\pgf@xc=\dimen121
\pgf@yc=\dimen122
\w@pgf@writea=\write3
\r@pgf@reada=\read1
\c@pgf@counta=\count92
\c@pgf@countb=\count93
\c@pgf@countc=\count94
\c@pgf@countd=\count95
\t@pgf@toka=\toks24
\t@pgf@tokb=\toks25
\t@pgf@tokc=\toks26

(/hg/s/linux/rhel3_amd64/app/teTeX/06.17/texmf-dist/tex/generic/pgf/systemlayer
/pgf.cfg
File: pgf.cfg 2008/05/14  (rcs-revision 1.7)
)
Driver file for pgf: pgfsys-pdftex.def

(/hg/s/linux/rhel3_amd64/app/teTeX/06.17/texmf-dist/tex/generic/pgf/systemlayer
/pgfsys-pdftex.def
File: pgfsys-pdftex.def 2014/10/11  (rcs-revision 1.35)

(/hg/s/linux/rhel3_amd64/app/teTeX/06.17/texmf-dist/tex/generic/pgf/systemlayer
/pgfsys-common-pdf.def
File: pgfsys-common-pdf.def 2013/10/10  (rcs-revision 1.13)
)))
(/hg/s/linux/rhel3_amd64/app/teTeX/06.17/texmf-dist/tex/generic/pgf/systemlayer
/pgfsyssoftpath.code.tex
File: pgfsyssoftpath.code.tex 2013/09/09  (rcs-revision 1.9)
\pgfsyssoftpath@smallbuffer@items=\count96
\pgfsyssoftpath@bigbuffer@items=\count97
)
(/hg/s/linux/rhel3_amd64/app/teTeX/06.17/texmf-dist/tex/generic/pgf/systemlayer
/pgfsysprotocol.code.tex
File: pgfsysprotocol.code.tex 2006/10/16  (rcs-revision 1.4)
))
(/hg/s/linux/rhel3_amd64/app/teTeX/06.17/texmf-dist/tex/latex/xcolor/xcolor.sty
Package: xcolor 2016/05/11 v2.12 LaTeX color extensions (UK)

(/hg/s/linux/rhel3_amd64/app/teTeX/06.17/texmf-dist/tex/latex/graphics-cfg/colo
r.cfg
File: color.cfg 2016/01/02 v1.6 sample color configuration
)
Package xcolor Info: Driver file: pdftex.def on input line 225.
Package xcolor Info: Model `cmy' substituted by `cmy0' on input line 1348.
Package xcolor Info: Model `hsb' substituted by `rgb' on input line 1352.
Package xcolor Info: Model `RGB' extended on input line 1364.
Package xcolor Info: Model `HTML' substituted by `rgb' on input line 1366.
Package xcolor Info: Model `Hsb' substituted by `hsb' on input line 1367.
Package xcolor Info: Model `tHsb' substituted by `hsb' on input line 1368.
Package xcolor Info: Model `HSB' substituted by `hsb' on input line 1369.
Package xcolor Info: Model `Gray' substituted by `gray' on input line 1370.
Package xcolor Info: Model `wave' substituted by `hsb' on input line 1371.
)
(/hg/s/linux/rhel3_amd64/app/teTeX/06.17/texmf-dist/tex/generic/pgf/basiclayer/
pgfcore.code.tex
Package: pgfcore 2010/04/11 v3.0.1a (rcs-revision 1.7)

(/hg/s/linux/rhel3_amd64/app/teTeX/06.17/texmf-dist/tex/generic/pgf/math/pgfmat
h.code.tex
(/hg/s/linux/rhel3_amd64/app/teTeX/06.17/texmf-dist/tex/generic/pgf/math/pgfmat
hcalc.code.tex
(/hg/s/linux/rhel3_amd64/app/teTeX/06.17/texmf-dist/tex/generic/pgf/math/pgfmat
hutil.code.tex)
(/hg/s/linux/rhel3_amd64/app/teTeX/06.17/texmf-dist/tex/generic/pgf/math/pgfmat
hparser.code.tex
\pgfmath@dimen=\dimen123
\pgfmath@count=\count98
\pgfmath@box=\box27
\pgfmath@toks=\toks27
\pgfmath@stack@operand=\toks28
\pgfmath@stack@operation=\toks29
)
(/hg/s/linux/rhel3_amd64/app/teTeX/06.17/texmf-dist/tex/generic/pgf/math/pgfmat
hfunctions.code.tex
(/hg/s/linux/rhel3_amd64/app/teTeX/06.17/texmf-dist/tex/generic/pgf/math/pgfmat
hfunctions.basic.code.tex)
(/hg/s/linux/rhel3_amd64/app/teTeX/06.17/texmf-dist/tex/generic/pgf/math/pgfmat
hfunctions.trigonometric.code.tex)
(/hg/s/linux/rhel3_amd64/app/teTeX/06.17/texmf-dist/tex/generic/pgf/math/pgfmat
hfunctions.random.code.tex)
(/hg/s/linux/rhel3_amd64/app/teTeX/06.17/texmf-dist/tex/generic/pgf/math/pgfmat
hfunctions.comparison.code.tex)
(/hg/s/linux/rhel3_amd64/app/teTeX/06.17/texmf-dist/tex/generic/pgf/math/pgfmat
hfunctions.base.code.tex)
(/hg/s/linux/rhel3_amd64/app/teTeX/06.17/texmf-dist/tex/generic/pgf/math/pgfmat
hfunctions.round.code.tex)
(/hg/s/linux/rhel3_amd64/app/teTeX/06.17/texmf-dist/tex/generic/pgf/math/pgfmat
hfunctions.misc.code.tex)
(/hg/s/linux/rhel3_amd64/app/teTeX/06.17/texmf-dist/tex/generic/pgf/math/pgfmat
hfunctions.integerarithmetics.code.tex)))
(/hg/s/linux/rhel3_amd64/app/teTeX/06.17/texmf-dist/tex/generic/pgf/math/pgfmat
hfloat.code.tex
\c@pgfmathroundto@lastzeros=\count99
))
(/hg/s/linux/rhel3_amd64/app/teTeX/06.17/texmf-dist/tex/generic/pgf/basiclayer/
pgfcorepoints.code.tex
File: pgfcorepoints.code.tex 2013/10/07  (rcs-revision 1.27)
\pgf@picminx=\dimen124
\pgf@picmaxx=\dimen125
\pgf@picminy=\dimen126
\pgf@picmaxy=\dimen127
\pgf@pathminx=\dimen128
\pgf@pathmaxx=\dimen129
\pgf@pathminy=\dimen130
\pgf@pathmaxy=\dimen131
\pgf@xx=\dimen132
\pgf@xy=\dimen133
\pgf@yx=\dimen134
\pgf@yy=\dimen135
\pgf@zx=\dimen136
\pgf@zy=\dimen137
)
(/hg/s/linux/rhel3_amd64/app/teTeX/06.17/texmf-dist/tex/generic/pgf/basiclayer/
pgfcorepathconstruct.code.tex
File: pgfcorepathconstruct.code.tex 2013/10/07  (rcs-revision 1.29)
\pgf@path@lastx=\dimen138
\pgf@path@lasty=\dimen139
)
(/hg/s/linux/rhel3_amd64/app/teTeX/06.17/texmf-dist/tex/generic/pgf/basiclayer/
pgfcorepathusage.code.tex
File: pgfcorepathusage.code.tex 2014/11/02  (rcs-revision 1.24)
\pgf@shorten@end@additional=\dimen140
\pgf@shorten@start@additional=\dimen141
)
(/hg/s/linux/rhel3_amd64/app/teTeX/06.17/texmf-dist/tex/generic/pgf/basiclayer/
pgfcorescopes.code.tex
File: pgfcorescopes.code.tex 2015/05/08  (rcs-revision 1.46)
\pgfpic=\box28
\pgf@hbox=\box29
\pgf@layerbox@main=\box30
\pgf@picture@serial@count=\count100
)
(/hg/s/linux/rhel3_amd64/app/teTeX/06.17/texmf-dist/tex/generic/pgf/basiclayer/
pgfcoregraphicstate.code.tex
File: pgfcoregraphicstate.code.tex 2014/11/02  (rcs-revision 1.12)
\pgflinewidth=\dimen142
)
(/hg/s/linux/rhel3_amd64/app/teTeX/06.17/texmf-dist/tex/generic/pgf/basiclayer/
pgfcoretransformations.code.tex
File: pgfcoretransformations.code.tex 2015/08/07  (rcs-revision 1.20)
\pgf@pt@x=\dimen143
\pgf@pt@y=\dimen144
\pgf@pt@temp=\dimen145
)
(/hg/s/linux/rhel3_amd64/app/teTeX/06.17/texmf-dist/tex/generic/pgf/basiclayer/
pgfcorequick.code.tex
File: pgfcorequick.code.tex 2008/10/09  (rcs-revision 1.3)
)
(/hg/s/linux/rhel3_amd64/app/teTeX/06.17/texmf-dist/tex/generic/pgf/basiclayer/
pgfcoreobjects.code.tex
File: pgfcoreobjects.code.tex 2006/10/11  (rcs-revision 1.2)
)
(/hg/s/linux/rhel3_amd64/app/teTeX/06.17/texmf-dist/tex/generic/pgf/basiclayer/
pgfcorepathprocessing.code.tex
File: pgfcorepathprocessing.code.tex 2013/09/09  (rcs-revision 1.9)
)
(/hg/s/linux/rhel3_amd64/app/teTeX/06.17/texmf-dist/tex/generic/pgf/basiclayer/
pgfcorearrows.code.tex
File: pgfcorearrows.code.tex 2015/05/14  (rcs-revision 1.43)
\pgfarrowsep=\dimen146
)
(/hg/s/linux/rhel3_amd64/app/teTeX/06.17/texmf-dist/tex/generic/pgf/basiclayer/
pgfcoreshade.code.tex
File: pgfcoreshade.code.tex 2013/07/15  (rcs-revision 1.15)
\pgf@max=\dimen147
\pgf@sys@shading@range@num=\count101
)
(/hg/s/linux/rhel3_amd64/app/teTeX/06.17/texmf-dist/tex/generic/pgf/basiclayer/
pgfcoreimage.code.tex
File: pgfcoreimage.code.tex 2013/07/15  (rcs-revision 1.18)

(/hg/s/linux/rhel3_amd64/app/teTeX/06.17/texmf-dist/tex/generic/pgf/basiclayer/
pgfcoreexternal.code.tex
File: pgfcoreexternal.code.tex 2014/07/09  (rcs-revision 1.21)
\pgfexternal@startupbox=\box31
))
(/hg/s/linux/rhel3_amd64/app/teTeX/06.17/texmf-dist/tex/generic/pgf/basiclayer/
pgfcorelayers.code.tex
File: pgfcorelayers.code.tex 2013/07/18  (rcs-revision 1.7)
)
(/hg/s/linux/rhel3_amd64/app/teTeX/06.17/texmf-dist/tex/generic/pgf/basiclayer/
pgfcoretransparency.code.tex
File: pgfcoretransparency.code.tex 2013/09/30  (rcs-revision 1.5)
)
(/hg/s/linux/rhel3_amd64/app/teTeX/06.17/texmf-dist/tex/generic/pgf/basiclayer/
pgfcorepatterns.code.tex
File: pgfcorepatterns.code.tex 2013/11/07  (rcs-revision 1.5)
)))
(/hg/s/linux/rhel3_amd64/app/teTeX/06.17/texmf-dist/tex/generic/pgf/modules/pgf
moduleshapes.code.tex
File: pgfmoduleshapes.code.tex 2014/03/21  (rcs-revision 1.35)
\pgfnodeparttextbox=\box32
)
(/hg/s/linux/rhel3_amd64/app/teTeX/06.17/texmf-dist/tex/generic/pgf/modules/pgf
moduleplot.code.tex
File: pgfmoduleplot.code.tex 2015/08/03  (rcs-revision 1.13)
)
(/hg/s/linux/rhel3_amd64/app/teTeX/06.17/texmf-dist/tex/latex/pgf/compatibility
/pgfcomp-version-0-65.sty
Package: pgfcomp-version-0-65 2007/07/03 v3.0.1a (rcs-revision 1.7)
\pgf@nodesepstart=\dimen148
\pgf@nodesepend=\dimen149
)
(/hg/s/linux/rhel3_amd64/app/teTeX/06.17/texmf-dist/tex/latex/pgf/compatibility
/pgfcomp-version-1-18.sty
Package: pgfcomp-version-1-18 2007/07/23 v3.0.1a (rcs-revision 1.1)
))
(/hg/s/linux/rhel3_amd64/app/teTeX/06.17/texmf-dist/tex/latex/pgf/utilities/pgf
for.sty
(/hg/s/linux/rhel3_amd64/app/teTeX/06.17/texmf-dist/tex/latex/pgf/utilities/pgf
keys.sty
(/hg/s/linux/rhel3_amd64/app/teTeX/06.17/texmf-dist/tex/generic/pgf/utilities/p
gfkeys.code.tex))
(/hg/s/linux/rhel3_amd64/app/teTeX/06.17/texmf-dist/tex/latex/pgf/math/pgfmath.
sty
(/hg/s/linux/rhel3_amd64/app/teTeX/06.17/texmf-dist/tex/generic/pgf/math/pgfmat
h.code.tex))
(/hg/s/linux/rhel3_amd64/app/teTeX/06.17/texmf-dist/tex/generic/pgf/utilities/p
gffor.code.tex
Package: pgffor 2013/12/13 v3.0.1a (rcs-revision 1.25)

(/hg/s/linux/rhel3_amd64/app/teTeX/06.17/texmf-dist/tex/generic/pgf/math/pgfmat
h.code.tex)
\pgffor@iter=\dimen150
\pgffor@skip=\dimen151
\pgffor@stack=\toks30
\pgffor@toks=\toks31
))
(/hg/s/linux/rhel3_amd64/app/teTeX/06.17/texmf-dist/tex/generic/pgf/frontendlay
er/tikz/tikz.code.tex
Package: tikz 2015/08/07 v3.0.1a (rcs-revision 1.151)

(/hg/s/linux/rhel3_amd64/app/teTeX/06.17/texmf-dist/tex/generic/pgf/libraries/p
gflibraryplothandlers.code.tex
File: pgflibraryplothandlers.code.tex 2013/08/31 v3.0.1a (rcs-revision 1.20)
\pgf@plot@mark@count=\count102
\pgfplotmarksize=\dimen152
)
\tikz@lastx=\dimen153
\tikz@lasty=\dimen154
\tikz@lastxsaved=\dimen155
\tikz@lastysaved=\dimen156
\tikzleveldistance=\dimen157
\tikzsiblingdistance=\dimen158
\tikz@figbox=\box33
\tikz@figbox@bg=\box34
\tikz@tempbox=\box35
\tikz@tempbox@bg=\box36
\tikztreelevel=\count103
\tikznumberofchildren=\count104
\tikznumberofcurrentchild=\count105
\tikz@fig@count=\count106

(/hg/s/linux/rhel3_amd64/app/teTeX/06.17/texmf-dist/tex/generic/pgf/modules/pgf
modulematrix.code.tex
File: pgfmodulematrix.code.tex 2013/09/17  (rcs-revision 1.8)
\pgfmatrixcurrentrow=\count107
\pgfmatrixcurrentcolumn=\count108
\pgf@matrix@numberofcolumns=\count109
)
\tikz@expandcount=\count110

(/hg/s/linux/rhel3_amd64/app/teTeX/06.17/texmf-dist/tex/generic/pgf/frontendlay
er/tikz/libraries/tikzlibrarytopaths.code.tex
File: tikzlibrarytopaths.code.tex 2008/06/17 v3.0.1a (rcs-revision 1.2)
)))
(/hg/s/linux/rhel3_amd64/app/teTeX/06.17/texmf-dist/tex/latex/pgfplots/pgfplots
.sty
(/hg/s/linux/rhel3_amd64/app/teTeX/06.17/texmf-dist/tex/generic/pgfplots/pgfplo
ts.revision.tex)
Package: pgfplots 2017/06/05 v1.15 Data Visualization (1.15)

(/hg/s/linux/rhel3_amd64/app/teTeX/06.17/texmf-dist/tex/generic/pgfplots/pgfplo
ts.code.tex
(/hg/s/linux/rhel3_amd64/app/teTeX/06.17/texmf-dist/tex/generic/pgfplots/pgfplo
tscore.code.tex
\t@pgfplots@toka=\toks32
\t@pgfplots@tokb=\toks33
\t@pgfplots@tokc=\toks34
\pgfplots@tmpa=\dimen159
\c@pgfplots@coordindex=\count111
\c@pgfplots@scanlineindex=\count112

(/hg/s/linux/rhel3_amd64/app/teTeX/06.17/texmf-dist/tex/generic/pgfplots/sys/pg
fplotssysgeneric.code.tex))
(/hg/s/linux/rhel3_amd64/app/teTeX/06.17/texmf-dist/tex/generic/pgfplots/libs/p
gfplotslibrary.code.tex)
(/hg/s/linux/rhel3_amd64/app/teTeX/06.17/texmf-dist/tex/generic/pgfplots/oldpgf
compatib/pgfplotsoldpgfsupp_loader.code.tex
(/hg/s/linux/rhel3_amd64/app/teTeX/06.17/texmf-dist/tex/generic/pgf/libraries/p
gflibraryfpu.code.tex)
Package pgfplots: loading complementary arithmetics for your pgf version...

(/hg/s/linux/rhel3_amd64/app/teTeX/06.17/texmf-dist/tex/generic/pgfplots/oldpgf
compatib/pgfplotsoldpgfsupp_pgflibraryfpu.code.tex)
(/hg/s/linux/rhel3_amd64/app/teTeX/06.17/texmf-dist/tex/generic/pgfplots/oldpgf
compatib/pgfplotsoldpgfsupp_pgfmathfloat.code.tex
\c@pgfmathroundto@lastzeros=\count113
))
(/hg/s/linux/rhel3_amd64/app/teTeX/06.17/texmf-dist/tex/generic/pgfplots/util/p
gfplotsutil.code.tex
(/hg/s/linux/rhel3_amd64/app/teTeX/06.17/texmf-dist/tex/generic/pgfplots/listst
ructure/pgfplotsliststructure.code.tex)
(/hg/s/linux/rhel3_amd64/app/teTeX/06.17/texmf-dist/tex/generic/pgfplots/listst
ructure/pgfplotsliststructureext.code.tex)
(/hg/s/linux/rhel3_amd64/app/teTeX/06.17/texmf-dist/tex/generic/pgfplots/listst
ructure/pgfplotsarray.code.tex
\c@pgfplotsarray@tmp=\count114
)
(/hg/s/linux/rhel3_amd64/app/teTeX/06.17/texmf-dist/tex/generic/pgfplots/listst
ructure/pgfplotsmatrix.code.tex)
(/hg/s/linux/rhel3_amd64/app/teTeX/06.17/texmf-dist/tex/generic/pgfplots/numtab
le/pgfplotstableshared.code.tex
\c@pgfplotstable@counta=\count115
\t@pgfplotstable@a=\toks35
)
(/hg/s/linux/rhel3_amd64/app/teTeX/06.17/texmf-dist/tex/generic/pgfplots/listst
ructure/pgfplotsdeque.code.tex)
(/hg/s/linux/rhel3_amd64/app/teTeX/06.17/texmf-dist/tex/generic/pgfplots/util/p
gfplotsbinary.code.tex
(/hg/s/linux/rhel3_amd64/app/teTeX/06.17/texmf-dist/tex/generic/pgfplots/util/p
gfplotsbinary.data.code.tex))
(/hg/s/linux/rhel3_amd64/app/teTeX/06.17/texmf-dist/tex/generic/pgfplots/util/p
gfplotsutil.verb.code.tex)
(/hg/s/linux/rhel3_amd64/app/teTeX/06.17/texmf-dist/tex/generic/pgfplots/libs/p
gflibrarypgfplots.surfshading.code.tex
\c@pgfplotslibrarysurf@no=\count116

(/hg/s/linux/rhel3_amd64/app/teTeX/06.17/texmf-dist/tex/generic/pgfplots/sys/pg
flibrarypgfplots.surfshading.pgfsys-pdftex.def)))
(/hg/s/linux/rhel3_amd64/app/teTeX/06.17/texmf-dist/tex/generic/pgfplots/util/p
gfplotscolormap.code.tex
(/hg/s/linux/rhel3_amd64/app/teTeX/06.17/texmf-dist/tex/generic/pgfplots/util/p
gfplotscolor.code.tex))
(/hg/s/linux/rhel3_amd64/app/teTeX/06.17/texmf-dist/tex/generic/pgfplots/pgfplo
tsstackedplots.code.tex)
(/hg/s/linux/rhel3_amd64/app/teTeX/06.17/texmf-dist/tex/generic/pgfplots/pgfplo
tsplothandlers.code.tex
(/hg/s/linux/rhel3_amd64/app/teTeX/06.17/texmf-dist/tex/generic/pgfplots/pgfplo
tsmeshplothandler.code.tex
(/hg/s/linux/rhel3_amd64/app/teTeX/06.17/texmf-dist/tex/generic/pgfplots/pgfplo
tsmeshplotimage.code.tex)))
(/hg/s/linux/rhel3_amd64/app/teTeX/06.17/texmf-dist/tex/generic/pgfplots/pgfplo
ts.scaling.code.tex)
(/hg/s/linux/rhel3_amd64/app/teTeX/06.17/texmf-dist/tex/generic/pgfplots/pgfplo
tscoordprocessing.code.tex)
(/hg/s/linux/rhel3_amd64/app/teTeX/06.17/texmf-dist/tex/generic/pgfplots/pgfplo
ts.errorbars.code.tex)
(/hg/s/linux/rhel3_amd64/app/teTeX/06.17/texmf-dist/tex/generic/pgfplots/pgfplo
ts.markers.code.tex)
(/hg/s/linux/rhel3_amd64/app/teTeX/06.17/texmf-dist/tex/generic/pgfplots/pgfplo
tsticks.code.tex)
(/hg/s/linux/rhel3_amd64/app/teTeX/06.17/texmf-dist/tex/generic/pgfplots/pgfplo
ts.paths.code.tex)
(/hg/s/linux/rhel3_amd64/app/teTeX/06.17/texmf-dist/tex/generic/pgf/frontendlay
er/tikz/libraries/tikzlibrarydecorations.code.tex
(/hg/s/linux/rhel3_amd64/app/teTeX/06.17/texmf-dist/tex/generic/pgf/modules/pgf
moduledecorations.code.tex
\pgfdecoratedcompleteddistance=\dimen160
\pgfdecoratedremainingdistance=\dimen161
\pgfdecoratedinputsegmentcompleteddistance=\dimen162
\pgfdecoratedinputsegmentremainingdistance=\dimen163
\pgf@decorate@distancetomove=\dimen164
\pgf@decorate@repeatstate=\count117
\pgfdecorationsegmentamplitude=\dimen165
\pgfdecorationsegmentlength=\dimen166
)
\tikz@lib@dec@box=\box37
)
(/hg/s/linux/rhel3_amd64/app/teTeX/06.17/texmf-dist/tex/generic/pgf/frontendlay
er/tikz/libraries/tikzlibrarydecorations.pathmorphing.code.tex
(/hg/s/linux/rhel3_amd64/app/teTeX/06.17/texmf-dist/tex/generic/pgf/libraries/d
ecorations/pgflibrarydecorations.pathmorphing.code.tex))
(/hg/s/linux/rhel3_amd64/app/teTeX/06.17/texmf-dist/tex/generic/pgf/frontendlay
er/tikz/libraries/tikzlibrarydecorations.pathreplacing.code.tex
(/hg/s/linux/rhel3_amd64/app/teTeX/06.17/texmf-dist/tex/generic/pgf/libraries/d
ecorations/pgflibrarydecorations.pathreplacing.code.tex))
\pgfplots@numplots=\count118
\pgfplots@xmin@reg=\dimen167
\pgfplots@xmax@reg=\dimen168
\pgfplots@ymin@reg=\dimen169
\pgfplots@ymax@reg=\dimen170
\pgfplots@zmin@reg=\dimen171
\pgfplots@zmax@reg=\dimen172
)
(/hg/s/linux/rhel3_amd64/app/teTeX/06.17/texmf-dist/tex/generic/pgf/frontendlay
er/tikz/libraries/tikzlibraryplotmarks.code.tex
File: tikzlibraryplotmarks.code.tex 2008/01/09 v3.0.1a (rcs-revision 1.1)

(/hg/s/linux/rhel3_amd64/app/teTeX/06.17/texmf-dist/tex/generic/pgf/libraries/p
gflibraryplotmarks.code.tex
File: pgflibraryplotmarks.code.tex 2015/08/03 v3.0.1a (rcs-revision 1.14)
)))
(/hg/s/linux/rhel3_amd64/app/teTeX/06.17/texmf-dist/tex/latex/wrapfig/wrapfig.s
ty
\wrapoverhang=\dimen173
\WF@size=\dimen174
\c@WF@wrappedlines=\count119
\WF@box=\box38
\WF@everypar=\toks36
Package: wrapfig 2003/01/31  v 3.6
)
(/hg/s/linux/rhel3_amd64/app/teTeX/06.17/texmf-dist/tex/latex/cutwin/cutwin.sty
Package: cutwin 2010/09/29 v0.1 cutout windows
\c@twwinlines=\count120
\c@twtoplines=\count121
\c@twcnt=\count122
\c@twlftside=\dimen175
\c@twrtside=\dimen176
\c@twtopht=\dimen177
\c@twvsilg=\dimen178
\c@twtoka=\toks37
\c@twtokb=\toks38
\c@twrawtext=\box39
\c@twholdwin=\box40
\c@twwindow=\box41
\c@twfinaltext=\box42
\c@twslicea=\box43
\c@twsliceb=\box44
)
(/hg/s/linux/rhel3_amd64/app/teTeX/06.17/texmf-dist/tex/generic/pgf/frontendlay
er/tikz/libraries/tikzlibraryintersections.code.tex
(/hg/s/linux/rhel3_amd64/app/teTeX/06.17/texmf-dist/tex/generic/pgf/libraries/p
gflibraryintersections.code.tex
\pgf@intersect@solutions=\count123
))
(/hg/s/linux/rhel3_amd64/app/teTeX/06.17/texmf-dist/tex/generic/pgf/frontendlay
er/tikz/libraries/tikzlibrarydecorations.markings.code.tex
(/hg/s/linux/rhel3_amd64/app/teTeX/06.17/texmf-dist/tex/generic/pgf/libraries/d
ecorations/pgflibrarydecorations.markings.code.tex))
(/hg/s/linux/rhel3_amd64/app/teTeX/06.17/texmf-dist/tex/generic/pgf/frontendlay
er/tikz/libraries/tikzlibrarycalc.code.tex
File: tikzlibrarycalc.code.tex 2013/07/15 v3.0.1a (rcs-revision 1.9)
)
(/hg/s/linux/rhel3_amd64/app/teTeX/06.17/texmf-dist/tex/latex/geometry/geometry
.sty
Package: geometry 2010/09/12 v5.6 Page Geometry

(/hg/s/linux/rhel3_amd64/app/teTeX/06.17/texmf-dist/tex/generic/oberdiek/ifpdf.
sty
Package: ifpdf 2017/03/15 v3.2 Provides the ifpdf switch
)
(/hg/s/linux/rhel3_amd64/app/teTeX/06.17/texmf-dist/tex/generic/oberdiek/ifvtex
.sty
Package: ifvtex 2016/05/16 v1.6 Detect VTeX and its facilities (HO)
Package ifvtex Info: VTeX not detected.
)
(/hg/s/linux/rhel3_amd64/app/teTeX/06.17/texmf-dist/tex/generic/ifxetex/ifxetex
.sty
Package: ifxetex 2010/09/12 v0.6 Provides ifxetex conditional
)
\Gm@cnth=\count124
\Gm@cntv=\count125
\c@Gm@tempcnt=\count126
\Gm@bindingoffset=\dimen179
\Gm@wd@mp=\dimen180
\Gm@odd@mp=\dimen181
\Gm@even@mp=\dimen182
\Gm@layoutwidth=\dimen183
\Gm@layoutheight=\dimen184
\Gm@layouthoffset=\dimen185
\Gm@layoutvoffset=\dimen186
\Gm@dimlist=\toks39
)
(/hg/s/linux/rhel3_amd64/app/teTeX/06.17/texmf-dist/tex/latex/amsmath/amsmath.s
ty
Package: amsmath 2016/11/05 v2.16a AMS math features
\@mathmargin=\skip43

For additional information on amsmath, use the `?' option.

(/hg/s/linux/rhel3_amd64/app/teTeX/06.17/texmf-dist/tex/latex/amsmath/amstext.s
ty
Package: amstext 2000/06/29 v2.01 AMS text

(/hg/s/linux/rhel3_amd64/app/teTeX/06.17/texmf-dist/tex/latex/amsmath/amsgen.st
y
File: amsgen.sty 1999/11/30 v2.0 generic functions
\@emptytoks=\toks40
\ex@=\dimen187
))
(/hg/s/linux/rhel3_amd64/app/teTeX/06.17/texmf-dist/tex/latex/amsmath/amsbsy.st
y
Package: amsbsy 1999/11/29 v1.2d Bold Symbols
\pmbraise@=\dimen188
)
(/hg/s/linux/rhel3_amd64/app/teTeX/06.17/texmf-dist/tex/latex/amsmath/amsopn.st
y
Package: amsopn 2016/03/08 v2.02 operator names
)
\inf@bad=\count127
LaTeX Info: Redefining \frac on input line 213.
\uproot@=\count128
\leftroot@=\count129
LaTeX Info: Redefining \overline on input line 375.
\classnum@=\count130
\DOTSCASE@=\count131
LaTeX Info: Redefining \ldots on input line 472.
LaTeX Info: Redefining \dots on input line 475.
LaTeX Info: Redefining \cdots on input line 596.
\Mathstrutbox@=\box45
\strutbox@=\box46
\big@size=\dimen189
LaTeX Font Info:    Redeclaring font encoding OML on input line 712.
LaTeX Font Info:    Redeclaring font encoding OMS on input line 713.
\macc@depth=\count132
\c@MaxMatrixCols=\count133
\dotsspace@=\muskip10
\c@parentequation=\count134
\dspbrk@lvl=\count135
\tag@help=\toks41
\row@=\count136
\column@=\count137
\maxfields@=\count138
\andhelp@=\toks42
\eqnshift@=\dimen190
\alignsep@=\dimen191
\tagshift@=\dimen192
\tagwidth@=\dimen193
\totwidth@=\dimen194
\lineht@=\dimen195
\@envbody=\toks43
\multlinegap=\skip44
\multlinetaggap=\skip45
\mathdisplay@stack=\toks44
LaTeX Info: Redefining \[ on input line 2817.
LaTeX Info: Redefining \] on input line 2818.
)
(/hg/s/linux/rhel3_amd64/app/teTeX/06.17/texmf-dist/tex/latex/amscls/amsthm.sty
Package: amsthm 2015/03/04 v2.20.2
\thm@style=\toks45
\thm@bodyfont=\toks46
\thm@headfont=\toks47
\thm@notefont=\toks48
\thm@headpunct=\toks49
\thm@preskip=\skip46
\thm@postskip=\skip47
\thm@headsep=\skip48
\dth@everypar=\toks50
)
(/hg/s/linux/rhel3_amd64/app/teTeX/06.17/texmf-dist/tex/latex/amsfonts/amssymb.
sty
Package: amssymb 2013/01/14 v3.01 AMS font symbols

(/hg/s/linux/rhel3_amd64/app/teTeX/06.17/texmf-dist/tex/latex/amsfonts/amsfonts
.sty
Package: amsfonts 2013/01/14 v3.01 Basic AMSFonts support
\symAMSa=\mathgroup4
\symAMSb=\mathgroup5
LaTeX Font Info:    Overwriting math alphabet `\mathfrak' in version `bold'
(Font)                  U/euf/m/n --> U/euf/b/n on input line 106.
))
\c@prop=\count139

(/hg/s/linux/rhel3_amd64/app/teTeX/06.17/texmf-dist/tex/latex/hyperref/hyperref
.sty
Package: hyperref 2017/03/14 v6.85a Hypertext links for LaTeX

(/hg/s/linux/rhel3_amd64/app/teTeX/06.17/texmf-dist/tex/generic/oberdiek/hobsub
-hyperref.sty
Package: hobsub-hyperref 2016/05/16 v1.14 Bundle oberdiek, subset hyperref (HO)


(/hg/s/linux/rhel3_amd64/app/teTeX/06.17/texmf-dist/tex/generic/oberdiek/hobsub
-generic.sty
Package: hobsub-generic 2016/05/16 v1.14 Bundle oberdiek, subset generic (HO)
Package: hobsub 2016/05/16 v1.14 Construct package bundles (HO)
Package: infwarerr 2016/05/16 v1.4 Providing info/warning/error messages (HO)
Package: ltxcmds 2016/05/16 v1.23 LaTeX kernel commands for general use (HO)
Package: ifluatex 2016/05/16 v1.4 Provides the ifluatex switch (HO)
Package ifluatex Info: LuaTeX not detected.
Package hobsub Info: Skipping package `ifvtex' (already loaded).
Package: intcalc 2016/05/16 v1.2 Expandable calculations with integers (HO)
Package hobsub Info: Skipping package `ifpdf' (already loaded).
Package: etexcmds 2016/05/16 v1.6 Avoid name clashes with e-TeX commands (HO)
Package etexcmds Info: Could not find \expanded.
(etexcmds)             That can mean that you are not using pdfTeX 1.50 or
(etexcmds)             that some package has redefined \expanded.
(etexcmds)             In the latter case, load this package earlier.
Package: kvsetkeys 2016/05/16 v1.17 Key value parser (HO)
Package: kvdefinekeys 2016/05/16 v1.4 Define keys (HO)
Package: pdftexcmds 2017/03/19 v0.25 Utility functions of pdfTeX for LuaTeX (HO
)
Package pdftexcmds Info: LuaTeX not detected.
Package pdftexcmds Info: \pdf@primitive is available.
Package pdftexcmds Info: \pdf@ifprimitive is available.
Package pdftexcmds Info: \pdfdraftmode found.
Package: pdfescape 2016/05/16 v1.14 Implements pdfTeX's escape features (HO)
Package: bigintcalc 2016/05/16 v1.4 Expandable calculations on big integers (HO
)
Package: bitset 2016/05/16 v1.2 Handle bit-vector datatype (HO)
Package: uniquecounter 2016/05/16 v1.3 Provide unlimited unique counter (HO)
)
Package hobsub Info: Skipping package `hobsub' (already loaded).
Package: letltxmacro 2016/05/16 v1.5 Let assignment for LaTeX macros (HO)
Package: hopatch 2016/05/16 v1.3 Wrapper for package hooks (HO)
Package: xcolor-patch 2016/05/16 xcolor patch
Package: atveryend 2016/05/16 v1.9 Hooks at the very end of document (HO)
Package atveryend Info: \enddocument detected (standard20110627).
Package: atbegshi 2016/06/09 v1.18 At begin shipout hook (HO)
Package: refcount 2016/05/16 v3.5 Data extraction from label references (HO)
Package: hycolor 2016/05/16 v1.8 Color options for hyperref/bookmark (HO)
)
(/hg/s/linux/rhel3_amd64/app/teTeX/06.17/texmf-dist/tex/latex/oberdiek/auxhook.
sty
Package: auxhook 2016/05/16 v1.4 Hooks for auxiliary files (HO)
)
(/hg/s/linux/rhel3_amd64/app/teTeX/06.17/texmf-dist/tex/latex/oberdiek/kvoption
s.sty
Package: kvoptions 2016/05/16 v3.12 Key value format for package options (HO)
)
\@linkdim=\dimen196
\Hy@linkcounter=\count140
\Hy@pagecounter=\count141

(/hg/s/linux/rhel3_amd64/app/teTeX/06.17/texmf-dist/tex/latex/hyperref/pd1enc.d
ef
File: pd1enc.def 2017/03/14 v6.85a Hyperref: PDFDocEncoding definition (HO)
)
\Hy@SavedSpaceFactor=\count142

(/hg/s/linux/rhel3_amd64/app/teTeX/06.17/texmf-dist/tex/latex/latexconfig/hyper
ref.cfg
File: hyperref.cfg 2002/06/06 v1.2 hyperref configuration of TeXLive
)
Package hyperref Info: Hyper figures OFF on input line 4498.
Package hyperref Info: Link nesting OFF on input line 4503.
Package hyperref Info: Hyper index ON on input line 4506.
Package hyperref Info: Plain pages OFF on input line 4513.
Package hyperref Info: Backreferencing OFF on input line 4518.
Package hyperref Info: Implicit mode ON; LaTeX internals redefined.
Package hyperref Info: Bookmarks ON on input line 4751.
\c@Hy@tempcnt=\count143

(/hg/s/linux/rhel3_amd64/app/teTeX/06.17/texmf-dist/tex/latex/url/url.sty
\Urlmuskip=\muskip11
Package: url 2013/09/16  ver 3.4  Verb mode for urls, etc.
)
LaTeX Info: Redefining \url on input line 5104.
\XeTeXLinkMargin=\dimen197
\Fld@menulength=\count144
\Field@Width=\dimen198
\Fld@charsize=\dimen199
Package hyperref Info: Hyper figures OFF on input line 6358.
Package hyperref Info: Link nesting OFF on input line 6363.
Package hyperref Info: Hyper index ON on input line 6366.
Package hyperref Info: backreferencing OFF on input line 6373.
Package hyperref Info: Link coloring OFF on input line 6378.
Package hyperref Info: Link coloring with OCG OFF on input line 6383.
Package hyperref Info: PDF/A mode OFF on input line 6388.
LaTeX Info: Redefining \ref on input line 6428.
LaTeX Info: Redefining \pageref on input line 6432.
\Hy@abspage=\count145
\c@Item=\count146
\c@Hfootnote=\count147
)

Package hyperref Message: Driver (autodetected): hpdftex.


(/hg/s/linux/rhel3_amd64/app/teTeX/06.17/texmf-dist/tex/latex/hyperref/hpdftex.
def
File: hpdftex.def 2017/03/14 v6.85a Hyperref driver for pdfTeX
\Fld@listcount=\count148
\c@bookmark@seq@number=\count149

(/hg/s/linux/rhel3_amd64/app/teTeX/06.17/texmf-dist/tex/latex/oberdiek/rerunfil
echeck.sty
Package: rerunfilecheck 2016/05/16 v1.8 Rerun checks for auxiliary files (HO)
Package uniquecounter Info: New unique counter `rerunfilecheck' on input line 2
82.
)
\Hy@SectionHShift=\skip49
)
(/hg/s/linux/rhel3_amd64/app/teTeX/06.17/texmf-dist/tex/latex/float/float.sty
Package: float 2001/11/08 v1.3d Float enhancements (AL)
\c@float@type=\count150
\float@exts=\toks51
\float@box=\box47
\@float@everytoks=\toks52
\@floatcapt=\box48
)
(./defectpaper.aux)
\openout1 = `defectpaper.aux'.

LaTeX Font Info:    Checking defaults for OML/cmm/m/it on input line 57.
LaTeX Font Info:    ... okay on input line 57.
LaTeX Font Info:    Checking defaults for T1/cmr/m/n on input line 57.
LaTeX Font Info:    ... okay on input line 57.
LaTeX Font Info:    Checking defaults for OT1/cmr/m/n on input line 57.
LaTeX Font Info:    ... okay on input line 57.
LaTeX Font Info:    Checking defaults for OMS/cmsy/m/n on input line 57.
LaTeX Font Info:    ... okay on input line 57.
LaTeX Font Info:    Checking defaults for OMX/cmex/m/n on input line 57.
LaTeX Font Info:    ... okay on input line 57.
LaTeX Font Info:    Checking defaults for U/cmr/m/n on input line 57.
LaTeX Font Info:    ... okay on input line 57.
LaTeX Font Info:    Checking defaults for PD1/pdf/m/n on input line 57.
LaTeX Font Info:    ... okay on input line 57.

(/hg/s/linux/rhel3_amd64/app/teTeX/06.17/texmf-dist/tex/latex/ucs/ucsencs.def
File: ucsencs.def 2011/01/21 Fixes to fontencodings LGR, T3
)
(/hg/s/linux/rhel3_amd64/app/teTeX/06.17/texmf-dist/tex/context/base/mkii/supp-
pdf.mkii
[Loading MPS to PDF converter (version 2006.09.02).]
\scratchcounter=\count151
\scratchdimen=\dimen256
\scratchbox=\box49
\nofMPsegments=\count152
\nofMParguments=\count153
\everyMPshowfont=\toks53
\MPscratchCnt=\count154
\MPscratchDim=\dimen257
\MPnumerator=\count155
\makeMPintoPDFobject=\count156
\everyMPtoPDFconversion=\toks54
)
(/hg/s/linux/rhel3_amd64/app/teTeX/06.17/texmf-dist/tex/latex/oberdiek/epstopdf
-base.sty
Package: epstopdf-base 2016/05/15 v2.6 Base part for package epstopdf

(/hg/s/linux/rhel3_amd64/app/teTeX/06.17/texmf-dist/tex/latex/oberdiek/grfext.s
ty
Package: grfext 2016/05/16 v1.2 Manage graphics extensions (HO)
)
Package epstopdf-base Info: Redefining graphics rule for `.eps' on input line 4
38.
Package grfext Info: Graphics extension search list:
(grfext)             [.pdf,.png,.jpg,.mps,.jpeg,.jbig2,.jb2,.PDF,.PNG,.JPG,.JPE
G,.JBIG2,.JB2,.eps]
(grfext)             \AppendGraphicsExtensions on input line 456.

(/hg/s/linux/rhel3_amd64/app/teTeX/06.17/texmf-dist/tex/latex/latexconfig/epsto
pdf-sys.cfg
File: epstopdf-sys.cfg 2010/07/13 v1.3 Configuration of (r)epstopdf for TeX Liv
e
))
Package caption Info: Begin \AtBeginDocument code.
Package caption Info: float package is loaded.
Package caption Info: hyperref package is loaded.
Package caption Info: wrapfig package is loaded.
Package caption Info: End \AtBeginDocument code.
 ABD: EveryShipout initializing macros

Package pgfplots Warning: running in backwards compatibility mode (unsuitable t
ick labels; missing features). Consider writing \pgfplotsset{compat=1.15} into 
your preamble.
 on input line 57.

*geometry* driver: auto-detecting
*geometry* detected driver: pdftex
*geometry* verbose mode - [ preamble ] result:
* driver: pdftex
* paper: a4paper
* layout: <same size as paper>
* layoutoffset:(h,v)=(0.0pt,0.0pt)
* modes: 
* h-part:(L,W,R)=(71.13188pt, 455.24411pt, 71.13188pt)
* v-part:(T,H,B)=(85.35826pt, 702.78308pt, 56.9055pt)
* \paperwidth=597.50787pt
* \paperheight=845.04684pt
* \textwidth=455.24411pt
* \textheight=702.78308pt
* \oddsidemargin=-1.1381pt
* \evensidemargin=-1.1381pt
* \topmargin=-23.91173pt
* \headheight=12.0pt
* \headsep=25.0pt
* \topskip=10.0pt
* \footskip=30.0pt
* \marginparwidth=49.79231pt
* \marginparsep=11.0pt
* \columnsep=10.0pt
* \skip\footins=9.0pt plus 4.0pt minus 2.0pt
* \hoffset=0.0pt
* \voffset=0.0pt
* \mag=1000
* \@twocolumnfalse
* \@twosidefalse
* \@mparswitchfalse
* \@reversemarginfalse
* (1in=72.27pt=25.4mm, 1cm=28.453pt)

\AtBeginShipoutBox=\box50
Package hyperref Info: Link coloring OFF on input line 57.

(/hg/s/linux/rhel3_amd64/app/teTeX/06.17/texmf-dist/tex/latex/hyperref/nameref.
sty
Package: nameref 2016/05/21 v2.44 Cross-referencing by name of section

(/hg/s/linux/rhel3_amd64/app/teTeX/06.17/texmf-dist/tex/generic/oberdiek/gettit
lestring.sty
Package: gettitlestring 2016/05/16 v1.5 Cleanup title references (HO)
)
\c@section@level=\count157
)
LaTeX Info: Redefining \ref on input line 57.
LaTeX Info: Redefining \pageref on input line 57.
LaTeX Info: Redefining \nameref on input line 57.
 (./defectpaper.out) (./defectpaper.out)
\@outlinefile=\write4
\openout4 = `defectpaper.out'.

LaTeX Font Info:    Try loading font information for U+msa on input line 63.

(/hg/s/linux/rhel3_amd64/app/teTeX/06.17/texmf-dist/tex/latex/amsfonts/umsa.fd
File: umsa.fd 2013/01/14 v3.01 AMS symbols A
)
LaTeX Font Info:    Try loading font information for U+msb on input line 63.
(/hg/s/linux/rhel3_amd64/app/teTeX/06.17/texmf-dist/tex/latex/amsfonts/umsb.fd
File: umsb.fd 2013/01/14 v3.01 AMS symbols B
)

Package hyperref Warning: Token not allowed in a PDF string (PDFDocEncoding):
(hyperref)                removing `math shift' on input line 115.


Package hyperref Warning: Token not allowed in a PDF string (PDFDocEncoding):
(hyperref)                removing `subscript' on input line 115.


Package hyperref Warning: Token not allowed in a PDF string (PDFDocEncoding):
(hyperref)                removing `superscript' on input line 115.


Package hyperref Warning: Token not allowed in a PDF string (PDFDocEncoding):
(hyperref)                removing `math shift' on input line 115.

[1

{/usr/local.hg/app/teTeX/current/texmf-var/fonts/map/pdftex/updmap/pdftex.map}]
 [2]

LaTeX Warning: Reference `eq:gtildecomputed' on page 3 undefined on input line 
186.


Underfull \hbox (badness 10000) in paragraph at lines 203--203
\T1/cmr/m/n/8 com-pu-ta-
 []


Underfull \hbox (badness 10000) in paragraph at lines 203--203
\T1/cmr/m/n/8 tions but
 []


Underfull \hbox (badness 7030) in paragraph at lines 203--203
\T1/cmr/m/n/8 las, do we
 []


Overfull \hbox (41.84433pt too wide) in paragraph at lines 209--209
[] 
 []


Overfull \hbox (1.94235pt too wide) detected at line 230
[]\OMS/cmsy/m/n/10 A\OT1/cmr/m/n/10 (\OML/cmm/m/it/10 !; ^^N\OT1/cmr/m/n/10 ) =
 [] \OML/cmm/m/it/10 ;  [] \OT1/cmr/m/n/10 ^^H = [] \OML/cmm/m/it/10 :
 []

[3]
(/hg/s/linux/rhel3_amd64/app/teTeX/06.17/texmf-dist/tex/latex/ucs/data/uni-0.de
f
File: uni-0.def 2013/05/13 UCS: Unicode data U+0000..U+00FF
) [4]
<../Model_problem/simpleSol.png, id=96, 429.2838pt x 310.761pt>
File: ../Model_problem/simpleSol.png Graphic file (type png)
<use ../Model_problem/simpleSol.png>
Package pdftex.def Info: ../Model_problem/simpleSol.png  used on input line 306
. on input line 306.
Package pdftex.def Info: Requested size: 214.64137pt x 155.38011pt on input lin
e 306.

Overfull \hbox (9.78291pt too wide) in paragraph at lines 306--307
[][] 
 []

<../Model_problem/simpleErr.png, id=97, 429.2838pt x 310.761pt>
File: ../Model_problem/simpleErr.png Graphic file (type png)
<use ../Model_problem/simpleErr.png>
Package pdftex.def Info: ../Model_problem/simpleErr.png  used on input line 312
. on input line 312.
Package pdftex.def Info: Requested size: 214.64137pt x 155.38011pt on input lin
e 312.

Overfull \hbox (9.78291pt too wide) in paragraph at lines 312--313
[][] 
 []

[5 <../Model_problem/simpleSol.png (PNG copy)> <../Model_problem/simpleErr.png 
(PNG copy)>]
Overfull \hbox (30.5186pt too wide) detected at line 407
\OT1/cmr/m/n/10 ^^@[](\OML/cmm/m/it/10 x; y\OT1/cmr/m/n/10 ) = \OMS/cmsy/m/n/10
 ^^@[] [] [] \OML/cmm/m/it/10 ;
 []

[6]

Package hyperref Warning: Token not allowed in a PDF string (PDFDocEncoding):
(hyperref)                removing `math shift' on input line 448.


Package hyperref Warning: Token not allowed in a PDF string (PDFDocEncoding):
(hyperref)                removing `\varepsilon' on input line 448.


Package hyperref Warning: Token not allowed in a PDF string (PDFDocEncoding):
(hyperref)                removing `\rightarrow' on input line 448.


Package hyperref Warning: Token not allowed in a PDF string (PDFDocEncoding):
(hyperref)                removing `math shift' on input line 448.

[7]
Overfull \hbox (10.77602pt too wide) in paragraph at lines 505--505
[] 
 []

[8]
Overfull \hbox (48.28204pt too wide) in paragraph at lines 561--561
[] 
 []

[9]
Overfull \hbox (62.6206pt too wide) detected at line 649
[]\OML/cmm/m/it/10 H[]\OT1/cmr/m/n/10 (\OML/cmm/m/it/10 k\OMS/cmsy/m/n/10 j\OML
/cmm/m/it/10 x \OMS/cmsy/m/n/10 ^^@ \OML/cmm/m/it/10 y\OMS/cmsy/m/n/10 j\OT1/cm
r/m/n/10 ) = [] \OML/cmm/m/it/10 H[]\OT1/cmr/m/n/10 (\OML/cmm/m/it/10 k\OMS/cms
y/m/n/10 j\OML/cmm/m/it/10 x \OMS/cmsy/m/n/10 ^^@ \OML/cmm/m/it/10 y\OMS/cmsy/m
/n/10 j\OT1/cmr/m/n/10 ) \OMS/cmsy/m/n/10 ^^@ [][]\OML/cmm/m/it/10 H[]\OT1/cmr/
m/n/10 (\OML/cmm/m/it/10 k\OMS/cmsy/m/n/10 j\OML/cmm/m/it/10 x \OMS/cmsy/m/n/10
 ^^@ \OML/cmm/m/it/10 y\OMS/cmsy/m/n/10 j\OT1/cmr/m/n/10 ) \OMS/cmsy/m/n/10 ^^@
 \OML/cmm/m/it/10 k[] [] H[]\OT1/cmr/m/n/10 (\OML/cmm/m/it/10 k\OMS/cmsy/m/n/10
 j\OML/cmm/m/it/10 x \OMS/cmsy/m/n/10 ^^@ \OML/cmm/m/it/10 y\OMS/cmsy/m/n/10 j\
OT1/cmr/m/n/10 )\OML/cmm/m/it/10 ;
 []

[10] (./defectpaper.bbl) [11]
Package atveryend Info: Empty hook `BeforeClearDocument' on input line 653.
Package atveryend Info: Empty hook `AfterLastShipout' on input line 653.
 (./defectpaper.aux)
Package atveryend Info: Executing hook `AtVeryEndDocument' on input line 653.
Package atveryend Info: Executing hook `AtEndAfterFileList' on input line 653.


Package rerunfilecheck Warning: File `defectpaper.out' has changed.
(rerunfilecheck)                Rerun to get outlines right
(rerunfilecheck)                or use package `bookmark'.

Package rerunfilecheck Info: Checksums for `defectpaper.out':
(rerunfilecheck)             Before: AB4D42B6154EDCE2C7AB584A4D1D394C;472
(rerunfilecheck)             After:  199DC4881C68EFE3A10F145FA6A85957;522.

LaTeX Warning: There were undefined references.

Package atveryend Info: Empty hook `AtVeryVeryEnd' on input line 653.
 ) 
Here is how much of TeX's memory you used:
 29041 strings out of 492995
 688356 string characters out of 6129899
 859379 words of memory out of 5000000
 32033 multiletter control sequences out of 15000+600000
 22131 words of font info for 64 fonts, out of 8000000 for 9000
 1141 hyphenation exceptions out of 8191
 62i,16n,96p,727b,609s stack positions out of 5000i,500n,10000p,200000b,80000s
{/hg/s/linux/rhel3_amd64/app/teTeX/06.17/texmf-dist/fonts/enc/dvips/cm-super/
cm-super-t1.enc}</hg/s/linux/rhel3_amd64/app/teTeX/06.17/texmf-dist/fonts/type1
/public/amsfonts/cm/cmex10.pfb></hg/s/linux/rhel3_amd64/app/teTeX/06.17/texmf-d
ist/fonts/type1/public/amsfonts/cm/cmmi10.pfb></hg/s/linux/rhel3_amd64/app/teTe
X/06.17/texmf-dist/fonts/type1/public/amsfonts/cm/cmmi12.pfb></hg/s/linux/rhel3
_amd64/app/teTeX/06.17/texmf-dist/fonts/type1/public/amsfonts/cm/cmmi5.pfb></hg
/s/linux/rhel3_amd64/app/teTeX/06.17/texmf-dist/fonts/type1/public/amsfonts/cm/
cmmi6.pfb></hg/s/linux/rhel3_amd64/app/teTeX/06.17/texmf-dist/fonts/type1/publi
c/amsfonts/cm/cmmi7.pfb></hg/s/linux/rhel3_amd64/app/teTeX/06.17/texmf-dist/fon
ts/type1/public/amsfonts/cm/cmmi8.pfb></hg/s/linux/rhel3_amd64/app/teTeX/06.17/
texmf-dist/fonts/type1/public/amsfonts/cm/cmmi9.pfb></hg/s/linux/rhel3_amd64/ap
p/teTeX/06.17/texmf-dist/fonts/type1/public/amsfonts/cm/cmr10.pfb></hg/s/linux/
rhel3_amd64/app/teTeX/06.17/texmf-dist/fonts/type1/public/amsfonts/cm/cmr12.pfb
></hg/s/linux/rhel3_amd64/app/teTeX/06.17/texmf-dist/fonts/type1/public/amsfont
s/cm/cmr5.pfb></hg/s/linux/rhel3_amd64/app/teTeX/06.17/texmf-dist/fonts/type1/p
ublic/amsfonts/cm/cmr7.pfb></hg/s/linux/rhel3_amd64/app/teTeX/06.17/texmf-dist/
fonts/type1/public/amsfonts/cm/cmr8.pfb></hg/s/linux/rhel3_amd64/app/teTeX/06.1
7/texmf-dist/fonts/type1/public/amsfonts/cm/cmsy10.pfb></hg/s/linux/rhel3_amd64
/app/teTeX/06.17/texmf-dist/fonts/type1/public/amsfonts/cm/cmsy5.pfb></hg/s/lin
ux/rhel3_amd64/app/teTeX/06.17/texmf-dist/fonts/type1/public/amsfonts/cm/cmsy7.
pfb></hg/s/linux/rhel3_amd64/app/teTeX/06.17/texmf-dist/fonts/type1/public/amsf
onts/symbols/msbm10.pfb></hg/s/linux/rhel3_amd64/app/teTeX/06.17/texmf-dist/fon
ts/type1/public/amsfonts/symbols/msbm7.pfb></hg/s/linux/rhel3_amd64/app/teTeX/0
6.17/texmf-dist/fonts/type1/public/cm-super/sfbx1000.pfb></hg/s/linux/rhel3_amd
64/app/teTeX/06.17/texmf-dist/fonts/type1/public/cm-super/sfbx1200.pfb></hg/s/l
inux/rhel3_amd64/app/teTeX/06.17/texmf-dist/fonts/type1/public/cm-super/sfbx144
0.pfb></hg/s/linux/rhel3_amd64/app/teTeX/06.17/texmf-dist/fonts/type1/public/cm
-super/sfrm0800.pfb></hg/s/linux/rhel3_amd64/app/teTeX/06.17/texmf-dist/fonts/t
ype1/public/cm-super/sfrm1000.pfb></hg/s/linux/rhel3_amd64/app/teTeX/06.17/texm
f-dist/fonts/type1/public/cm-super/sfti0900.pfb></hg/s/linux/rhel3_amd64/app/te
TeX/06.17/texmf-dist/fonts/type1/public/cm-super/sfti1000.pfb>
Output written on defectpaper.pdf (11 pages, 410660 bytes).
PDF statistics:
 283 PDF objects out of 1000 (max. 8388607)
 240 compressed objects within 3 object streams
 60 named destinations out of 1000 (max. 500000)
 87 words of extra memory for PDF output out of 10000 (max. 10000000)

